[  0%] Built target moveit_msgs_generate_messages_eus
[  0%] Built target _panda_moveit_generate_messages_check_deps_PandaTrajectory
[  0%] Built target geometry_msgs_generate_messages_eus
[  0%] Built target std_msgs_generate_messages_eus
[  0%] Built target _panda_moveit_generate_messages_check_deps_MoverService
[  0%] Built target moveit_msgs_generate_messages_py
[  0%] Built target _panda_moveit_generate_messages_check_deps_PandaMoveitJoints
[  0%] Built target geometry_msgs_generate_messages_py
[  0%] Built target std_msgs_generate_messages_py
[  0%] Built target geometry_msgs_generate_messages_nodejs
[  0%] Built target moveit_msgs_generate_messages_nodejs
[  0%] Built target std_msgs_generate_messages_nodejs
[  0%] Built target moveit_msgs_generate_messages_lisp
[  0%] Built target std_msgs_generate_messages_lisp
[  0%] Built target geometry_msgs_generate_messages_lisp
[  0%] Built target geometry_msgs_generate_messages_cpp
[  0%] Built target moveit_msgs_generate_messages_cpp
[  0%] Built target std_msgs_generate_messages_cpp
[ 22%] Built target panda_moveit_generate_messages_eus
[ 50%] Built target panda_moveit_generate_messages_py
[ 66%] Built target panda_moveit_generate_messages_nodejs
[ 83%] Built target panda_moveit_generate_messages_lisp
[100%] Built target panda_moveit_generate_messages_cpp
[100%] Built target panda_moveit_generate_messages
