Linked: (/home/pratik/ROS/devel/.private/panda_moveit/lib/python3/dist-packages/panda_moveit/__init__.py, /home/pratik/ROS/devel/lib/python3/dist-packages/panda_moveit/__init__.py)
Linked: (/home/pratik/ROS/devel/.private/panda_moveit/lib/python3/dist-packages/panda_moveit/msg/__init__.py, /home/pratik/ROS/devel/lib/python3/dist-packages/panda_moveit/msg/__init__.py)
Linked: (/home/pratik/ROS/devel/.private/panda_moveit/lib/python3/dist-packages/panda_moveit/msg/_PandaMoveitJoints.py, /home/pratik/ROS/devel/lib/python3/dist-packages/panda_moveit/msg/_PandaMoveitJoints.py)
Linked: (/home/pratik/ROS/devel/.private/panda_moveit/lib/python3/dist-packages/panda_moveit/msg/_PandaTrajectory.py, /home/pratik/ROS/devel/lib/python3/dist-packages/panda_moveit/msg/_PandaTrajectory.py)
Linked: (/home/pratik/ROS/devel/.private/panda_moveit/lib/python3/dist-packages/panda_moveit/srv/__init__.py, /home/pratik/ROS/devel/lib/python3/dist-packages/panda_moveit/srv/__init__.py)
Linked: (/home/pratik/ROS/devel/.private/panda_moveit/lib/python3/dist-packages/panda_moveit/srv/_MoverService.py, /home/pratik/ROS/devel/lib/python3/dist-packages/panda_moveit/srv/_MoverService.py)
Linked: (/home/pratik/ROS/devel/.private/panda_moveit/lib/panda_moveit/trajectory_subscriber.py, /home/pratik/ROS/devel/lib/panda_moveit/trajectory_subscriber.py)
Linked: (/home/pratik/ROS/devel/.private/panda_moveit/lib/panda_moveit/panda_mover.py, /home/pratik/ROS/devel/lib/panda_moveit/panda_mover.py)
Linked: (/home/pratik/ROS/devel/.private/panda_moveit/lib/panda_moveit/cmake.lock, /home/pratik/ROS/devel/lib/panda_moveit/cmake.lock)
Linked: (/home/pratik/ROS/devel/.private/panda_moveit/lib/pkgconfig/panda_moveit.pc, /home/pratik/ROS/devel/lib/pkgconfig/panda_moveit.pc)
Linked: (/home/pratik/ROS/devel/.private/panda_moveit/share/roseus/ros/panda_moveit/manifest.l, /home/pratik/ROS/devel/share/roseus/ros/panda_moveit/manifest.l)
Linked: (/home/pratik/ROS/devel/.private/panda_moveit/share/roseus/ros/panda_moveit/msg/PandaTrajectory.l, /home/pratik/ROS/devel/share/roseus/ros/panda_moveit/msg/PandaTrajectory.l)
Linked: (/home/pratik/ROS/devel/.private/panda_moveit/share/roseus/ros/panda_moveit/msg/PandaMoveitJoints.l, /home/pratik/ROS/devel/share/roseus/ros/panda_moveit/msg/PandaMoveitJoints.l)
Linked: (/home/pratik/ROS/devel/.private/panda_moveit/share/roseus/ros/panda_moveit/srv/MoverService.l, /home/pratik/ROS/devel/share/roseus/ros/panda_moveit/srv/MoverService.l)
Linked: (/home/pratik/ROS/devel/.private/panda_moveit/share/gennodejs/ros/panda_moveit/_index.js, /home/pratik/ROS/devel/share/gennodejs/ros/panda_moveit/_index.js)
Linked: (/home/pratik/ROS/devel/.private/panda_moveit/share/gennodejs/ros/panda_moveit/msg/PandaTrajectory.js, /home/pratik/ROS/devel/share/gennodejs/ros/panda_moveit/msg/PandaTrajectory.js)
Linked: (/home/pratik/ROS/devel/.private/panda_moveit/share/gennodejs/ros/panda_moveit/msg/PandaMoveitJoints.js, /home/pratik/ROS/devel/share/gennodejs/ros/panda_moveit/msg/PandaMoveitJoints.js)
Linked: (/home/pratik/ROS/devel/.private/panda_moveit/share/gennodejs/ros/panda_moveit/msg/_index.js, /home/pratik/ROS/devel/share/gennodejs/ros/panda_moveit/msg/_index.js)
Linked: (/home/pratik/ROS/devel/.private/panda_moveit/share/gennodejs/ros/panda_moveit/srv/MoverService.js, /home/pratik/ROS/devel/share/gennodejs/ros/panda_moveit/srv/MoverService.js)
Linked: (/home/pratik/ROS/devel/.private/panda_moveit/share/gennodejs/ros/panda_moveit/srv/_index.js, /home/pratik/ROS/devel/share/gennodejs/ros/panda_moveit/srv/_index.js)
Linked: (/home/pratik/ROS/devel/.private/panda_moveit/share/panda_moveit/cmake/panda_moveit-msg-paths.cmake, /home/pratik/ROS/devel/share/panda_moveit/cmake/panda_moveit-msg-paths.cmake)
Linked: (/home/pratik/ROS/devel/.private/panda_moveit/share/panda_moveit/cmake/panda_moveitConfig.cmake, /home/pratik/ROS/devel/share/panda_moveit/cmake/panda_moveitConfig.cmake)
Linked: (/home/pratik/ROS/devel/.private/panda_moveit/share/panda_moveit/cmake/panda_moveitConfig-version.cmake, /home/pratik/ROS/devel/share/panda_moveit/cmake/panda_moveitConfig-version.cmake)
Linked: (/home/pratik/ROS/devel/.private/panda_moveit/share/panda_moveit/cmake/panda_moveit-msg-extras.cmake, /home/pratik/ROS/devel/share/panda_moveit/cmake/panda_moveit-msg-extras.cmake)
Linked: (/home/pratik/ROS/devel/.private/panda_moveit/share/common-lisp/ros/panda_moveit/msg/PandaMoveitJoints.lisp, /home/pratik/ROS/devel/share/common-lisp/ros/panda_moveit/msg/PandaMoveitJoints.lisp)
Linked: (/home/pratik/ROS/devel/.private/panda_moveit/share/common-lisp/ros/panda_moveit/msg/panda_moveit-msg.asd, /home/pratik/ROS/devel/share/common-lisp/ros/panda_moveit/msg/panda_moveit-msg.asd)
Linked: (/home/pratik/ROS/devel/.private/panda_moveit/share/common-lisp/ros/panda_moveit/msg/_package_PandaMoveitJoints.lisp, /home/pratik/ROS/devel/share/common-lisp/ros/panda_moveit/msg/_package_PandaMoveitJoints.lisp)
Linked: (/home/pratik/ROS/devel/.private/panda_moveit/share/common-lisp/ros/panda_moveit/msg/_package_PandaTrajectory.lisp, /home/pratik/ROS/devel/share/common-lisp/ros/panda_moveit/msg/_package_PandaTrajectory.lisp)
Linked: (/home/pratik/ROS/devel/.private/panda_moveit/share/common-lisp/ros/panda_moveit/msg/_package.lisp, /home/pratik/ROS/devel/share/common-lisp/ros/panda_moveit/msg/_package.lisp)
Linked: (/home/pratik/ROS/devel/.private/panda_moveit/share/common-lisp/ros/panda_moveit/msg/PandaTrajectory.lisp, /home/pratik/ROS/devel/share/common-lisp/ros/panda_moveit/msg/PandaTrajectory.lisp)
Linked: (/home/pratik/ROS/devel/.private/panda_moveit/share/common-lisp/ros/panda_moveit/srv/MoverService.lisp, /home/pratik/ROS/devel/share/common-lisp/ros/panda_moveit/srv/MoverService.lisp)
Linked: (/home/pratik/ROS/devel/.private/panda_moveit/share/common-lisp/ros/panda_moveit/srv/panda_moveit-srv.asd, /home/pratik/ROS/devel/share/common-lisp/ros/panda_moveit/srv/panda_moveit-srv.asd)
Linked: (/home/pratik/ROS/devel/.private/panda_moveit/share/common-lisp/ros/panda_moveit/srv/_package.lisp, /home/pratik/ROS/devel/share/common-lisp/ros/panda_moveit/srv/_package.lisp)
Linked: (/home/pratik/ROS/devel/.private/panda_moveit/share/common-lisp/ros/panda_moveit/srv/_package_MoverService.lisp, /home/pratik/ROS/devel/share/common-lisp/ros/panda_moveit/srv/_package_MoverService.lisp)
Linked: (/home/pratik/ROS/devel/.private/panda_moveit/include/panda_moveit/MoverServiceResponse.h, /home/pratik/ROS/devel/include/panda_moveit/MoverServiceResponse.h)
Linked: (/home/pratik/ROS/devel/.private/panda_moveit/include/panda_moveit/MoverServiceRequest.h, /home/pratik/ROS/devel/include/panda_moveit/MoverServiceRequest.h)
Linked: (/home/pratik/ROS/devel/.private/panda_moveit/include/panda_moveit/MoverService.h, /home/pratik/ROS/devel/include/panda_moveit/MoverService.h)
Linked: (/home/pratik/ROS/devel/.private/panda_moveit/include/panda_moveit/PandaMoveitJoints.h, /home/pratik/ROS/devel/include/panda_moveit/PandaMoveitJoints.h)
Linked: (/home/pratik/ROS/devel/.private/panda_moveit/include/panda_moveit/PandaTrajectory.h, /home/pratik/ROS/devel/include/panda_moveit/PandaTrajectory.h)
