[35m[1mScanning dependencies of target _panda_moveit_generate_messages_check_deps_PandaMoveitJoints[0m
[  0%] Built target _panda_moveit_generate_messages_check_deps_PandaMoveitJoints
[35m[1mScanning dependencies of target _panda_moveit_generate_messages_check_deps_MoverService[0m
[35m[1mScanning dependencies of target _panda_moveit_generate_messages_check_deps_PandaTrajectory[0m
[35m[1mScanning dependencies of target geometry_msgs_generate_messages_cpp[0m
[  0%] Built target _panda_moveit_generate_messages_check_deps_MoverService
[  0%] Built target geometry_msgs_generate_messages_cpp
[35m[1mScanning dependencies of target moveit_msgs_generate_messages_cpp[0m
[35m[1mScanning dependencies of target std_msgs_generate_messages_cpp[0m
[  0%] Built target moveit_msgs_generate_messages_cpp
[  0%] Built target std_msgs_generate_messages_cpp
[35m[1mScanning dependencies of target moveit_msgs_generate_messages_py[0m
[  0%] Built target _panda_moveit_generate_messages_check_deps_PandaTrajectory
[35m[1mScanning dependencies of target geometry_msgs_generate_messages_py[0m
[  0%] Built target moveit_msgs_generate_messages_py
[  0%] Built target geometry_msgs_generate_messages_py
[35m[1mScanning dependencies of target std_msgs_generate_messages_py[0m
[  0%] Built target std_msgs_generate_messages_py
[35m[1mScanning dependencies of target moveit_msgs_generate_messages_nodejs[0m
[  0%] Built target moveit_msgs_generate_messages_nodejs
[35m[1mScanning dependencies of target std_msgs_generate_messages_nodejs[0m
[  0%] Built target std_msgs_generate_messages_nodejs
[35m[1mScanning dependencies of target geometry_msgs_generate_messages_nodejs[0m
[  0%] Built target geometry_msgs_generate_messages_nodejs
[35m[1mScanning dependencies of target moveit_msgs_generate_messages_lisp[0m
[  0%] Built target moveit_msgs_generate_messages_lisp
[35m[1mScanning dependencies of target std_msgs_generate_messages_lisp[0m
[  0%] Built target std_msgs_generate_messages_lisp
[35m[1mScanning dependencies of target geometry_msgs_generate_messages_lisp[0m
[  0%] Built target geometry_msgs_generate_messages_lisp
[35m[1mScanning dependencies of target std_msgs_generate_messages_eus[0m
[  0%] Built target std_msgs_generate_messages_eus
[35m[1mScanning dependencies of target moveit_msgs_generate_messages_eus[0m
[35m[1mScanning dependencies of target geometry_msgs_generate_messages_eus[0m
[  0%] Built target moveit_msgs_generate_messages_eus
[  0%] Built target geometry_msgs_generate_messages_eus
[35m[1mScanning dependencies of target panda_moveit_generate_messages_cpp[0m
[35m[1mScanning dependencies of target panda_moveit_generate_messages_py[0m
[  5%] [34m[1mGenerating C++ code from panda_moveit/PandaMoveitJoints.msg[0m
[ 11%] [34m[1mGenerating C++ code from panda_moveit/PandaTrajectory.msg[0m
[ 16%] [34m[1mGenerating Python from MSG panda_moveit/PandaMoveitJoints[0m
[35m[1mScanning dependencies of target panda_moveit_generate_messages_nodejs[0m
[ 22%] [34m[1mGenerating Javascript code from panda_moveit/PandaMoveitJoints.msg[0m
[ 27%] [34m[1mGenerating Javascript code from panda_moveit/PandaTrajectory.msg[0m
[ 33%] [34m[1mGenerating C++ code from panda_moveit/MoverService.srv[0m
[ 38%] [34m[1mGenerating Javascript code from panda_moveit/MoverService.srv[0m
[35m[1mScanning dependencies of target panda_moveit_generate_messages_lisp[0m
[ 44%] [34m[1mGenerating Lisp code from panda_moveit/PandaMoveitJoints.msg[0m
[ 55%] [34m[1mGenerating Lisp code from panda_moveit/MoverService.srv[0m
[ 55%] [34m[1mGenerating Lisp code from panda_moveit/PandaTrajectory.msg[0m
[ 61%] [34m[1mGenerating Python from MSG panda_moveit/PandaTrajectory[0m
[ 61%] Built target panda_moveit_generate_messages_nodejs
[35m[1mScanning dependencies of target panda_moveit_generate_messages_eus[0m
[ 66%] [34m[1mGenerating EusLisp code from panda_moveit/PandaMoveitJoints.msg[0m
[ 72%] [34m[1mGenerating EusLisp code from panda_moveit/PandaTrajectory.msg[0m
[ 72%] Built target panda_moveit_generate_messages_lisp
[ 77%] [34m[1mGenerating EusLisp code from panda_moveit/MoverService.srv[0m
[ 77%] Built target panda_moveit_generate_messages_cpp
[ 83%] [34m[1mGenerating EusLisp manifest code for panda_moveit[0m
[ 88%] [34m[1mGenerating Python code from SRV panda_moveit/MoverService[0m
[ 94%] [34m[1mGenerating Python msg __init__.py for panda_moveit[0m
[100%] [34m[1mGenerating Python srv __init__.py for panda_moveit[0m
[100%] Built target panda_moveit_generate_messages_py
[100%] Built target panda_moveit_generate_messages_eus
[35m[1mScanning dependencies of target panda_moveit_generate_messages[0m
[100%] Built target panda_moveit_generate_messages
