Symlinking /home/pratik/ROS/devel/lib/python3/dist-packages/panda_moveit/__init__.py
Symlinking /home/pratik/ROS/devel/lib/python3/dist-packages/panda_moveit/msg/__init__.py
Symlinking /home/pratik/ROS/devel/lib/python3/dist-packages/panda_moveit/msg/_PandaMoveitJoints.py
Symlinking /home/pratik/ROS/devel/lib/python3/dist-packages/panda_moveit/msg/_PandaTrajectory.py
Symlinking /home/pratik/ROS/devel/lib/python3/dist-packages/panda_moveit/srv/__init__.py
Symlinking /home/pratik/ROS/devel/lib/python3/dist-packages/panda_moveit/srv/_MoverService.py
Symlinking /home/pratik/ROS/devel/lib/panda_moveit/trajectory_subscriber.py
Symlinking /home/pratik/ROS/devel/lib/panda_moveit/panda_mover.py
Symlinking /home/pratik/ROS/devel/lib/panda_moveit/cmake.lock
Symlinking /home/pratik/ROS/devel/lib/pkgconfig/panda_moveit.pc
Symlinking /home/pratik/ROS/devel/share/roseus/ros/panda_moveit/manifest.l
Symlinking /home/pratik/ROS/devel/share/roseus/ros/panda_moveit/msg/PandaTrajectory.l
Symlinking /home/pratik/ROS/devel/share/roseus/ros/panda_moveit/msg/PandaMoveitJoints.l
Symlinking /home/pratik/ROS/devel/share/roseus/ros/panda_moveit/srv/MoverService.l
Symlinking /home/pratik/ROS/devel/share/gennodejs/ros/panda_moveit/_index.js
Symlinking /home/pratik/ROS/devel/share/gennodejs/ros/panda_moveit/msg/PandaTrajectory.js
Symlinking /home/pratik/ROS/devel/share/gennodejs/ros/panda_moveit/msg/PandaMoveitJoints.js
Symlinking /home/pratik/ROS/devel/share/gennodejs/ros/panda_moveit/msg/_index.js
Symlinking /home/pratik/ROS/devel/share/gennodejs/ros/panda_moveit/srv/MoverService.js
Symlinking /home/pratik/ROS/devel/share/gennodejs/ros/panda_moveit/srv/_index.js
Symlinking /home/pratik/ROS/devel/share/panda_moveit/cmake/panda_moveit-msg-paths.cmake
Symlinking /home/pratik/ROS/devel/share/panda_moveit/cmake/panda_moveitConfig.cmake
Symlinking /home/pratik/ROS/devel/share/panda_moveit/cmake/panda_moveitConfig-version.cmake
Symlinking /home/pratik/ROS/devel/share/panda_moveit/cmake/panda_moveit-msg-extras.cmake
Symlinking /home/pratik/ROS/devel/share/common-lisp/ros/panda_moveit/msg/PandaMoveitJoints.lisp
Symlinking /home/pratik/ROS/devel/share/common-lisp/ros/panda_moveit/msg/panda_moveit-msg.asd
Symlinking /home/pratik/ROS/devel/share/common-lisp/ros/panda_moveit/msg/_package_PandaMoveitJoints.lisp
Symlinking /home/pratik/ROS/devel/share/common-lisp/ros/panda_moveit/msg/_package_PandaTrajectory.lisp
Symlinking /home/pratik/ROS/devel/share/common-lisp/ros/panda_moveit/msg/_package.lisp
Symlinking /home/pratik/ROS/devel/share/common-lisp/ros/panda_moveit/msg/PandaTrajectory.lisp
Symlinking /home/pratik/ROS/devel/share/common-lisp/ros/panda_moveit/srv/MoverService.lisp
Symlinking /home/pratik/ROS/devel/share/common-lisp/ros/panda_moveit/srv/panda_moveit-srv.asd
Symlinking /home/pratik/ROS/devel/share/common-lisp/ros/panda_moveit/srv/_package.lisp
Symlinking /home/pratik/ROS/devel/share/common-lisp/ros/panda_moveit/srv/_package_MoverService.lisp
Symlinking /home/pratik/ROS/devel/include/panda_moveit/MoverServiceResponse.h
Symlinking /home/pratik/ROS/devel/include/panda_moveit/MoverServiceRequest.h
Symlinking /home/pratik/ROS/devel/include/panda_moveit/MoverService.h
Symlinking /home/pratik/ROS/devel/include/panda_moveit/PandaMoveitJoints.h
Symlinking /home/pratik/ROS/devel/include/panda_moveit/PandaTrajectory.h
